Arguments: 
  C:\Program Files\nodejs\node.exe C:\Users\Administrator\AppData\Roaming\npm\node_modules\yarn\bin\yarn.js add vue vue-loader vue-style-loader vue-template-compiler -S

PATH: 
  C:\WINDOWS\system32;C:\WINDOWS;C:\WINDOWS\System32\Wbem;C:\WINDOWS\System32\WindowsPowerShell\v1.0\;C:\Program Files\nodejs\;C:\Program Files\Git\cmd;C:\Program Files\TortoiseSVN\bin;C:\Users\Administrator\AppData\Local\Microsoft\WindowsApps;C:\Users\Administrator\AppData\Roaming\npm;E:\learning--software\Microsoft VS Code\bin

Yarn version: 
  1.5.1

Node version: 
  8.9.3

Platform: 
  win32 x64

npm manifest: 
  {
    "name": "day5--webpack",
    "version": "1.0.0",
    "description": "",
    "main": "webpack.config.js",
    "scripts": {
      "start": "webpack-dev-server --config webpack.config.js --inline --progress --open",
      "test": "echo \"Error: no test specified\" && exit 1"
    },
    "author": "",
    "license": "ISC",
    "devDependencies": {
      "babel": "^6.23.0",
      "babel-core": "^6.26.3",
      "babel-loader": "^7.1.4",
      "css-loader": "^0.28.11",
      "extract-text-webpack-plugin": "^4.0.0-beta.0",
      "file-loader": "^1.1.11",
      "friendly-errors-webpack-plugin": "^1.7.0",
      "html-webpack-plugin": "^3.2.0",
      "node-sass": "^4.9.0",
      "sass-loader": "^7.0.3",
      "style-loader": "^0.21.0",
      "url-loader": "^1.0.1",
      "webpack": "^4.12.0",
      "webpack-cli": "^3.0.3",
      "webpack-dev-server": "^3.1.4"
    }
  }

yarn manifest: 
  No manifest

Lockfile: 
  No lockfile

Trace: 
  Error: ENOENT: no such file or directory, copyfile 'C:\Users\Administrator\AppData\Local\Yarn\Cache\v1\npm-inherits-2.0.1-b17d08d326b4423e568eff719f91b0b1cbdf69f1\inherits_browser.js' -> 'E:\learning--software\wamp\www\project\sixMonth\day5--webpack\node_modules\assert\node_modules\inherits\inherits_browser.js'
